<?xml version="1.0" encoding="UTF-8"?>
<!-- Generated by org.testng.reporters.JUnitReportReporter -->
<testsuite skipped="0" hostname="DESKTOP-AMOSNVQ" name="tests.HRM_Login_Test" tests="1" failures="0" timestamp="2021-02-09T03:36:23 EST" time="9.036" errors="0">
  <testcase name="loginTest" time="9.036" classname="tests.HRM_Login_Test"/>
  <system-out/>
</testsuite> <!-- tests.HRM_Login_Test -->
