<?xml version="1.0" encoding="UTF-8"?>
<!-- Generated by org.testng.reporters.JUnitReportReporter -->
<testsuite hostname="DESKTOP-35GOPG2" failures="0" tests="1" name="tests.HRM_Login_Test" time="5.913" errors="0" timestamp="2021-02-07T22:46:07 EST" skipped="0">
  <testcase classname="tests.HRM_Login_Test" name="loginTest" time="5.913"/>
  <system-out/>
</testsuite> <!-- tests.HRM_Login_Test -->
