<?xml version="1.0" encoding="UTF-8"?>
<!-- Generated by org.testng.reporters.JUnitReportReporter -->
<testsuite skipped="0" hostname="DESKTOP-35GOPG2" name="tests.HRM_Login_Test" tests="1" failures="0" timestamp="2021-02-07T21:24:09 EST" time="8.159" errors="0">
  <testcase name="loginTest" time="8.159" classname="tests.HRM_Login_Test"/>
  <system-out/>
</testsuite> <!-- tests.HRM_Login_Test -->
